{"level":"info","msg":"用户 11 提交了题目 1 的代码","time":"2024-12-21T17:59:58+08:00"}
{"level":"info","msg":"Successfully retrieved problem with ID:1","time":"2024-12-21T17:59:58+08:00"}
{"level":"info","msg":"Successfully submitted problem with ID:1","time":"2024-12-21T17:59:59+08:00"}
{"level":"info","msg":"用户 11 提交了题目 1 的代码","time":"2024-12-21T18:35:03+08:00"}
{"level":"info","msg":"Successfully retrieved problem with ID:1","time":"2024-12-21T18:35:03+08:00"}
{"level":"info","msg":"Response Body:[{\"status\":\"Accepted\",\"exitStatus\":0,\"time\":256645200,\"memory\":42397696,\"runTime\":257693810,\"files\":{\"stderr\":\"\",\"stdout\":\"\"},\"fileIds\":{\"45\":\"XJVVZ6X6\"}}]\n","time":"2024-12-21T18:35:04+08:00"}
{"level":"info","msg":"Response Body:[{\"status\":\"Accepted\",\"exitStatus\":0,\"time\":1917300,\"memory\":290816,\"runTime\":2462668,\"files\":{\"stderr\":\"\",\"stdout\":\"2\\n\"}}]\n","time":"2024-12-21T18:35:04+08:00"}
{"level":"info","msg":"Successfully submitted problem with ID:1","time":"2024-12-21T18:35:04+08:00"}
{"level":"error","msg":"Failed to run bootstrap:dial tcp 127.0.0.1:3306: connectex: No connection could be made because the target machine actively refused it.","time":"2024-12-22T14:05:56+08:00"}
{"level":"info","msg":"用户 11 提交了题目 2 的代码","time":"2024-12-23T12:06:05+08:00"}
{"level":"info","msg":"Successfully retrieved problem with ID:2","time":"2024-12-23T12:06:05+08:00"}
{"level":"info","msg":"Response Body:[{\"status\":\"Accepted\",\"exitStatus\":0,\"time\":252973700,\"memory\":76771328,\"runTime\":406758863,\"files\":{\"stderr\":\"\",\"stdout\":\"\"},\"fileIds\":{\"46\":\"ACB4PXYG\"}}]\n","time":"2024-12-23T12:06:05+08:00"}
{"level":"info","msg":"Response Body:[{\"status\":\"Accepted\",\"exitStatus\":0,\"time\":2295000,\"memory\":2117632,\"runTime\":7410416,\"files\":{\"stderr\":\"\",\"stdout\":\"2\\n\"}}]\n","time":"2024-12-23T12:06:05+08:00"}
{"level":"info","msg":"用户 11 提交了题目 2 的代码","time":"2024-12-23T16:05:43+08:00"}
{"level":"info","msg":"Successfully retrieved problem with ID:2","time":"2024-12-23T16:05:43+08:00"}
{"level":"info","msg":"Response Body:[{\"status\":\"Accepted\",\"exitStatus\":0,\"time\":313472700,\"memory\":77365248,\"runTime\":447535506,\"files\":{\"stderr\":\"\",\"stdout\":\"\"},\"fileIds\":{\"47\":\"MGLM6UU7\"}}]\n","time":"2024-12-23T16:05:43+08:00"}
{"level":"info","msg":"Response Body:[{\"status\":\"Accepted\",\"exitStatus\":0,\"time\":1653600,\"memory\":2117632,\"runTime\":6763558,\"files\":{\"stderr\":\"\",\"stdout\":\"2\\n\"}}]\n","time":"2024-12-23T16:05:43+08:00"}
{"level":"info","msg":"用户 11 提交了题目 2 的代码","time":"2024-12-23T16:07:14+08:00"}
{"level":"info","msg":"Successfully retrieved problem with ID:2","time":"2024-12-23T16:07:14+08:00"}
{"level":"info","msg":"Response Body:[{\"status\":\"Accepted\",\"exitStatus\":0,\"time\":235130900,\"memory\":42074112,\"runTime\":236241777,\"files\":{\"stderr\":\"\",\"stdout\":\"\"},\"fileIds\":{\"48\":\"R2MEVO5F\"}}]\n","time":"2024-12-23T16:07:14+08:00"}
{"level":"info","msg":"Response Body:[{\"status\":\"Accepted\",\"exitStatus\":0,\"time\":1181900,\"memory\":290816,\"runTime\":1652555,\"files\":{\"stderr\":\"\",\"stdout\":\"2\\n\"}}]\n","time":"2024-12-23T16:07:14+08:00"}
{"level":"info","msg":"Successfully retrieved problem with ID:2","time":"2024-12-23T16:09:45+08:00"}
{"level":"error","msg":"Failed to get solution with ID:1Error:record not found","time":"2024-12-23T16:10:02+08:00"}
{"level":"error","msg":"Failed to get solution with ID:2Error:record not found","time":"2024-12-23T16:10:21+08:00"}
{"level":"error","msg":"Failed to open config file:open ./configs/config.json: The system cannot find the file specified.","time":"2024-12-23T16:41:26+08:00"}
{"level":"error","msg":"Failed to load config:could not open config file: open ./configs/config.json: The system cannot find the file specified.","time":"2024-12-23T16:41:26+08:00"}
{"level":"error","msg":"Failed to start the application:could not open config file: open ./configs/config.json: The system cannot find the file specified.","time":"2024-12-23T16:41:26+08:00"}
{"level":"error","msg":"Failed to get user with email:joe@example.comError:record not found","time":"2024-12-30T21:03:19+08:00"}
{"level":"error","msg":"Failed to get user with email:joe@example.comError:record not found","time":"2024-12-30T21:14:19+08:00"}
{"level":"error","msg":"Failed to get user with email:joe@example.comError:record not found","time":"2024-12-30T21:27:59+08:00"}
{"level":"error","msg":"Failed to get user with email:joe@example.comError:record not found","time":"2024-12-30T21:29:58+08:00"}
{"level":"error","msg":"Failed to get user with email:joe@example.comError:record not found","time":"2024-12-30T21:31:57+08:00"}
{"level":"error","msg":"Failed to get user with email:joe@example.comError:record not found","time":"2024-12-30T21:34:31+08:00"}
{"level":"error","msg":"Failed to get user with email:joe@example.comError:record not found","time":"2024-12-30T21:49:46+08:00"}
{"level":"error","msg":"Failed to get user with email:joe@example.comError:record not found","time":"2024-12-30T21:56:08+08:00"}
{"level":"error","msg":"Failed to get user with email:joe@example.comError:record not found","time":"2024-12-30T22:03:45+08:00"}
{"level":"error","msg":"Failed to get user with email:joe@example.comError:record not found","time":"2025-01-04T19:50:47+08:00"}
{"level":"error","msg":"Failed to create user:Error 1292 (22007): Incorrect datetime value: '' for column 'accesstime' at row 1","time":"2025-01-04T20:05:47+08:00"}
{"level":"error","msg":"Failed to get user with email:joe@example.comError:record not found","time":"2025-01-04T20:05:47+08:00"}
{"level":"error","msg":"Failed to create user:Error 1292 (22007): Incorrect datetime value: '0000-00-00' for column 'accesstime' at row 1","time":"2025-01-04T20:10:11+08:00"}
{"level":"error","msg":"Failed to get user with email:joe@example.comError:record not found","time":"2025-01-04T20:10:11+08:00"}
{"level":"error","msg":"Failed to create problem:Error 1364 (HY000): Field 'id' doesn't have a default value","time":"2025-01-04T20:37:30+08:00"}
{"level":"info","msg":"用户 13 提交了题目 0 的代码","time":"2025-01-04T20:51:02+08:00"}
{"level":"error","msg":"Failed to get problem with ID:0Error:record not found","time":"2025-01-04T20:51:02+08:00"}
{"level":"error","msg":"Failed to get problem with ID:0Error:record not found","time":"2025-01-04T20:51:02+08:00"}
{"level":"info","msg":"用户 14 提交了题目 11 的代码","time":"2025-01-04T21:02:06+08:00"}
{"level":"error","msg":"Failed to get problem with ID:11Error:record not found","time":"2025-01-04T21:02:06+08:00"}
{"level":"error","msg":"Failed to get problem with ID:11Error:record not found","time":"2025-01-04T21:02:06+08:00"}
{"level":"info","msg":"用户 15 提交了题目 12 的代码","time":"2025-01-04T21:03:14+08:00"}
{"level":"error","msg":"Failed to get problem with ID:12Error:record not found","time":"2025-01-04T21:03:14+08:00"}
{"level":"error","msg":"Failed to get problem with ID:12Error:record not found","time":"2025-01-04T21:03:14+08:00"}
{"level":"info","msg":"用户 16 提交了题目 13 的代码","time":"2025-01-04T21:04:22+08:00"}
{"level":"info","msg":"Successfully retrieved problem with ID:13","time":"2025-01-04T21:04:22+08:00"}
{"level":"info","msg":"Response Body:[{\"status\":\"Accepted\",\"exitStatus\":0,\"time\":290657200,\"memory\":76402688,\"runTime\":441338818,\"files\":{\"stderr\":\"\",\"stdout\":\"\"},\"fileIds\":{\"49\":\"LYMX23GW\"}}]\n","time":"2025-01-04T21:04:22+08:00"}
{"level":"info","msg":"Response Body:[{\"status\":\"Accepted\",\"exitStatus\":0,\"time\":2119400,\"memory\":2068480,\"runTime\":7884229,\"files\":{\"stderr\":\"\",\"stdout\":\"2\\n\"}}]\n","time":"2025-01-04T21:04:23+08:00"}
{"level":"info","msg":"用户 17 提交了题目 14 的代码","time":"2025-01-04T21:06:16+08:00"}
{"level":"info","msg":"Successfully retrieved problem with ID:14","time":"2025-01-04T21:06:16+08:00"}
{"level":"info","msg":"Response Body:[{\"status\":\"Accepted\",\"exitStatus\":0,\"time\":258694100,\"memory\":42110976,\"runTime\":260151314,\"files\":{\"stderr\":\"\",\"stdout\":\"\"},\"fileIds\":{\"50\":\"TXD2WGTE\"}}]\n","time":"2025-01-04T21:06:17+08:00"}
{"level":"info","msg":"Response Body:[{\"status\":\"Accepted\",\"exitStatus\":0,\"time\":1746900,\"memory\":290816,\"runTime\":2214292,\"files\":{\"stderr\":\"\",\"stdout\":\"2\\n\"}}]\n","time":"2025-01-04T21:06:17+08:00"}
{"level":"info","msg":"User login","time":"2025-01-13T13:49:07+08:00"}
{"level":"info","msg":"User login","time":"2025-01-16T23:58:35+08:00"}
{"level":"error","msg":"Failed to create problem:Error 1292 (22007): Incorrect datetime value: '0000-00-00' for column 'indate' at row 1","time":"2025-01-16T23:58:35+08:00"}
{"level":"error","msg":"Failed to create contest problem:Error 1054 (42S22): Unknown column 'problem_id' in 'field list'","time":"2025-01-16T23:58:35+08:00"}
{"level":"info","msg":"User login","time":"2025-01-17T00:06:09+08:00"}
{"level":"error","msg":"Failed to create problem:Error 1292 (22007): Incorrect datetime value: '0000-00-00' for column 'indate' at row 1","time":"2025-01-17T00:06:09+08:00"}
{"level":"error","msg":"Failed to create contest problem:Error 1054 (42S22): Unknown column 'problem_id' in 'field list'","time":"2025-01-17T00:06:09+08:00"}
{"level":"info","msg":"User login","time":"2025-01-17T00:08:56+08:00"}
{"level":"error","msg":"Failed to create contest problem:Error 1054 (42S22): Unknown column 'problem_id' in 'field list'","time":"2025-01-17T00:08:56+08:00"}
{"level":"info","msg":"User login","time":"2025-01-17T00:10:17+08:00"}
{"level":"info","msg":"User login","time":"2025-01-17T00:14:20+08:00"}
{"level":"info","msg":"User login","time":"2025-01-17T00:15:51+08:00"}
{"level":"info","msg":"User login","time":"2025-01-17T19:25:56+08:00"}
{"level":"info","msg":"User login","time":"2025-01-17T19:33:22+08:00"}
{"level":"info","msg":"User login","time":"2025-01-17T19:35:07+08:00"}
{"level":"info","msg":"User login","time":"2025-01-17T19:38:43+08:00"}
{"level":"info","msg":"User login","time":"2025-01-17T19:39:31+08:00"}
{"level":"info","msg":"User login","time":"2025-01-17T19:42:17+08:00"}
{"level":"info","msg":"User login","time":"2025-01-17T19:47:13+08:00"}
{"level":"info","msg":"User login","time":"2025-01-17T19:50:38+08:00"}
{"level":"info","msg":"User login","time":"2025-01-17T19:53:07+08:00"}
{"level":"info","msg":"User login","time":"2025-01-17T19:55:55+08:00"}
{"level":"info","msg":"用户 0 提交了题目 0 的代码","time":"2025-01-17T19:55:55+08:00"}
{"level":"error","msg":"Failed to get problem with ID:0Error:record not found","time":"2025-01-17T19:55:55+08:00"}
{"level":"error","msg":"Failed to get problem with ID:0Error:record not found","time":"2025-01-17T19:55:55+08:00"}
{"level":"info","msg":"User login","time":"2025-01-17T19:57:32+08:00"}
{"level":"info","msg":"用户 0 提交了题目 0 的代码","time":"2025-01-17T19:57:32+08:00"}
{"level":"error","msg":"Failed to get problem with ID:0Error:record not found","time":"2025-01-17T19:57:32+08:00"}
{"level":"error","msg":"Failed to get problem with ID:0Error:record not found","time":"2025-01-17T19:57:32+08:00"}
{"level":"info","msg":"User login","time":"2025-01-17T20:00:11+08:00"}
{"level":"info","msg":"用户 0 提交了题目 0 的代码","time":"2025-01-17T20:00:11+08:00"}
{"level":"error","msg":"Failed to get problem with ID:0Error:record not found","time":"2025-01-17T20:00:11+08:00"}
{"level":"error","msg":"Failed to get problem with ID:0Error:record not found","time":"2025-01-17T20:00:11+08:00"}
{"level":"info","msg":"User login","time":"2025-01-17T20:01:03+08:00"}
{"level":"info","msg":"用户 0 提交了题目 0 的代码","time":"2025-01-17T20:01:03+08:00"}
{"level":"error","msg":"Failed to get problem with ID:0Error:record not found","time":"2025-01-17T20:01:03+08:00"}
{"level":"error","msg":"Failed to get problem with ID:0Error:record not found","time":"2025-01-17T20:01:03+08:00"}
{"level":"info","msg":"User login","time":"2025-01-17T20:09:04+08:00"}
{"level":"info","msg":"用户 0 提交了题目 18 的代码","time":"2025-01-17T20:09:05+08:00"}
{"level":"info","msg":"Successfully retrieved problem with ID:18","time":"2025-01-17T20:09:05+08:00"}
{"level":"error","msg":"Failed to create solution:Error 1292 (22007): Incorrect datetime value: '0000-00-00' for column 'indate' at row 1","time":"2025-01-17T20:09:05+08:00"}
{"level":"error","msg":"Failed to create submission:Error 1292 (22007): Incorrect datetime value: '0000-00-00' for column 'indate' at row 1","time":"2025-01-17T20:09:05+08:00"}
{"level":"info","msg":"User login","time":"2025-01-17T20:11:52+08:00"}
{"level":"info","msg":"用户 0 提交了题目 19 的代码","time":"2025-01-17T20:11:52+08:00"}
{"level":"info","msg":"Successfully retrieved problem with ID:19","time":"2025-01-17T20:11:52+08:00"}
{"level":"error","msg":"Failed to create solution:Error 1292 (22007): Incorrect datetime value: '0000-00-00' for column 'indate' at row 1","time":"2025-01-17T20:11:52+08:00"}
{"level":"error","msg":"Failed to create submission:Error 1292 (22007): Incorrect datetime value: '0000-00-00' for column 'indate' at row 1","time":"2025-01-17T20:11:52+08:00"}
{"level":"info","msg":"User login","time":"2025-01-17T20:59:38+08:00"}
{"level":"info","msg":"用户 0 提交了比赛题目 20 的代码","time":"2025-01-17T20:59:38+08:00"}
{"level":"info","msg":"Successfully retrieved problem with ID:20","time":"2025-01-17T20:59:38+08:00"}
{"level":"error","msg":"Failed to create solution:Error 1292 (22007): Incorrect datetime value: '0000-00-00' for column 'indate' at row 1","time":"2025-01-17T20:59:38+08:00"}
{"level":"error","msg":"Failed to create submission:Error 1292 (22007): Incorrect datetime value: '0000-00-00' for column 'indate' at row 1","time":"2025-01-17T20:59:38+08:00"}
{"level":"info","msg":"User login","time":"2025-01-22T18:59:33+08:00"}
{"level":"info","msg":"用户 0 提交了比赛题目 21 的代码","time":"2025-01-22T18:59:33+08:00"}
{"level":"info","msg":"Successfully retrieved problem with ID:21","time":"2025-01-22T18:59:33+08:00"}
{"level":"error","msg":"Failed to create solution:Error 1292 (22007): Incorrect datetime value: '0000-00-00' for column 'indate' at row 1","time":"2025-01-22T18:59:33+08:00"}
{"level":"error","msg":"Failed to create submission:Error 1292 (22007): Incorrect datetime value: '0000-00-00' for column 'indate' at row 1","time":"2025-01-22T18:59:33+08:00"}
{"level":"info","msg":"User login","time":"2025-01-22T19:36:29+08:00"}
{"level":"info","msg":"用户 0 提交了比赛题目 22 的代码","time":"2025-01-22T19:36:29+08:00"}
{"level":"info","msg":"Successfully retrieved problem with ID:22","time":"2025-01-22T19:36:29+08:00"}
{"level":"error","msg":"Failed to create solution:Error 1292 (22007): Incorrect datetime value: '0000-00-00' for column 'indate' at row 1","time":"2025-01-22T19:36:29+08:00"}
{"level":"error","msg":"Failed to create submission:Error 1292 (22007): Incorrect datetime value: '0000-00-00' for column 'indate' at row 1","time":"2025-01-22T19:36:29+08:00"}
{"level":"info","msg":"User login","time":"2025-01-22T19:41:12+08:00"}
{"level":"info","msg":"用户 0 提交了比赛题目 23 的代码","time":"2025-01-22T19:41:12+08:00"}
{"level":"info","msg":"Successfully retrieved problem with ID:23","time":"2025-01-22T19:41:12+08:00"}
{"level":"error","msg":"Failed to create solution:Error 1292 (22007): Incorrect datetime value: '0000-00-00' for column 'indate' at row 1","time":"2025-01-22T19:41:12+08:00"}
{"level":"error","msg":"Failed to create submission:Error 1292 (22007): Incorrect datetime value: '0000-00-00' for column 'indate' at row 1","time":"2025-01-22T19:41:12+08:00"}
{"level":"info","msg":"User login","time":"2025-01-22T19:44:41+08:00"}
{"level":"info","msg":"用户 0 提交了比赛题目 24 的代码","time":"2025-01-22T19:44:41+08:00"}
{"level":"info","msg":"Successfully retrieved problem with ID:24","time":"2025-01-22T19:44:41+08:00"}
{"level":"error","msg":"Failed to create solution:Error 1292 (22007): Incorrect datetime value: '0000-00-00' for column 'indate' at row 1","time":"2025-01-22T19:44:41+08:00"}
{"level":"error","msg":"Failed to create submission:Error 1292 (22007): Incorrect datetime value: '0000-00-00' for column 'indate' at row 1","time":"2025-01-22T19:44:41+08:00"}
{"level":"info","msg":"User login","time":"2025-01-22T19:48:58+08:00"}
{"level":"info","msg":"用户 0 提交了题目 25 的代码","time":"2025-01-22T19:48:59+08:00"}
{"level":"info","msg":"Successfully retrieved problem with ID:25","time":"2025-01-22T19:48:59+08:00"}
{"level":"error","msg":"Failed to create solution:Error 1292 (22007): Incorrect datetime value: '0000-00-00' for column 'indate' at row 1","time":"2025-01-22T19:48:59+08:00"}
{"level":"error","msg":"Failed to create submission:Error 1292 (22007): Incorrect datetime value: '0000-00-00' for column 'indate' at row 1","time":"2025-01-22T19:48:59+08:00"}
{"level":"info","msg":"User login","time":"2025-01-22T19:53:17+08:00"}
{"level":"info","msg":"用户 0 提交了题目 26 的代码","time":"2025-01-22T19:53:17+08:00"}
{"level":"info","msg":"Successfully retrieved problem with ID:26","time":"2025-01-22T19:53:17+08:00"}
{"level":"error","msg":"Failed to create solution:Error 1292 (22007): Incorrect datetime value: '0000-00-00' for column 'indate' at row 1","time":"2025-01-22T19:53:17+08:00"}
{"level":"error","msg":"Failed to create submission:Error 1292 (22007): Incorrect datetime value: '0000-00-00' for column 'indate' at row 1","time":"2025-01-22T19:53:17+08:00"}
{"level":"info","msg":"User login","time":"2025-01-22T19:55:33+08:00"}
{"level":"info","msg":"用户 0 提交了题目 27 的代码","time":"2025-01-22T19:55:33+08:00"}
{"level":"info","msg":"Successfully retrieved problem with ID:27","time":"2025-01-22T19:55:33+08:00"}
{"level":"error","msg":"Failed to create solution:Error 1292 (22007): Incorrect datetime value: '0000-00-00' for column 'indate' at row 1","time":"2025-01-22T19:55:33+08:00"}
{"level":"error","msg":"Failed to create submission:Error 1292 (22007): Incorrect datetime value: '0000-00-00' for column 'indate' at row 1","time":"2025-01-22T19:55:33+08:00"}
{"level":"info","msg":"User login","time":"2025-01-22T19:58:40+08:00"}
{"level":"info","msg":"用户 0 提交了题目 28 的代码","time":"2025-01-22T19:58:40+08:00"}
{"level":"info","msg":"Successfully retrieved problem with ID:28","time":"2025-01-22T19:58:40+08:00"}
{"level":"error","msg":"Failed to create solution:Error 1292 (22007): Incorrect datetime value: '0000-00-00' for column 'indate' at row 1","time":"2025-01-22T19:58:40+08:00"}
{"level":"error","msg":"Failed to create submission:Error 1292 (22007): Incorrect datetime value: '0000-00-00' for column 'indate' at row 1","time":"2025-01-22T19:58:40+08:00"}
{"level":"info","msg":"User login","time":"2025-01-22T20:50:19+08:00"}
{"level":"info","msg":"用户 31 提交了题目 29 的代码","time":"2025-01-22T20:50:19+08:00"}
{"level":"info","msg":"Successfully retrieved problem with ID:29","time":"2025-01-22T20:50:19+08:00"}
{"level":"error","msg":"Failed to create contest solution:Error 1054 (42S22): Unknown column 'language' in 'field list'","time":"2025-01-22T20:50:19+08:00"}
{"level":"error","msg":"Failed to create submission:Error 1054 (42S22): Unknown column 'language' in 'field list'","time":"2025-01-22T20:50:19+08:00"}
{"level":"info","msg":"User login","time":"2025-01-22T20:55:38+08:00"}
{"level":"info","msg":"用户 1 提交了题目 1 的代码","time":"2025-01-22T20:55:38+08:00"}
{"level":"info","msg":"Successfully retrieved problem with ID:1","time":"2025-01-22T20:55:38+08:00"}
{"level":"error","msg":"Failed to create contest solution:Error 1292 (22007): Incorrect datetime value: '0000-00-00' for column 'submit_time' at row 1","time":"2025-01-22T20:55:38+08:00"}
{"level":"error","msg":"Failed to create submission:Error 1292 (22007): Incorrect datetime value: '0000-00-00' for column 'submit_time' at row 1","time":"2025-01-22T20:55:38+08:00"}
{"level":"info","msg":"User login","time":"2025-01-22T20:56:56+08:00"}
{"level":"info","msg":"用户 2 提交了题目 2 的代码","time":"2025-01-22T20:56:56+08:00"}
{"level":"info","msg":"Successfully retrieved problem with ID:2","time":"2025-01-22T20:56:56+08:00"}
{"level":"info","msg":"User login","time":"2025-01-22T21:02:16+08:00"}
{"level":"info","msg":"用户 3 提交了题目 3 的代码","time":"2025-01-22T21:02:16+08:00"}
{"level":"info","msg":"Successfully retrieved problem with ID:3","time":"2025-01-22T21:02:16+08:00"}
{"level":"error","msg":"Failed to judge:failed to unmarshal response: invalid character 'p' after top-level value","time":"2025-01-22T21:02:16+08:00"}
{"level":"info","msg":"User login","time":"2025-01-22T21:04:50+08:00"}
{"level":"info","msg":"用户 4 提交了题目 4 的代码","time":"2025-01-22T21:04:50+08:00"}
{"level":"info","msg":"Successfully retrieved problem with ID:4","time":"2025-01-22T21:04:50+08:00"}
{"level":"error","msg":"Failed to judge:failed to unmarshal response: invalid character 'p' after top-level value","time":"2025-01-22T21:04:50+08:00"}
{"level":"info","msg":"User login","time":"2025-01-22T21:07:25+08:00"}
{"level":"info","msg":"用户 5 提交了题目 5 的代码","time":"2025-01-22T21:07:25+08:00"}
{"level":"info","msg":"Successfully retrieved problem with ID:5","time":"2025-01-22T21:07:25+08:00"}
{"level":"error","msg":"Failed to judge:failed to unmarshal response: invalid character 'p' after top-level value","time":"2025-01-22T21:07:25+08:00"}
{"level":"info","msg":"User login","time":"2025-01-22T21:08:10+08:00"}
{"level":"info","msg":"用户 6 提交了题目 6 的代码","time":"2025-01-22T21:08:10+08:00"}
{"level":"info","msg":"Successfully retrieved problem with ID:6","time":"2025-01-22T21:08:10+08:00"}
{"level":"error","msg":"Failed to judge:failed to unmarshal response: json: cannot unmarshal string into Go value of type judge.Response","time":"2025-01-22T21:08:10+08:00"}
{"level":"info","msg":"User login","time":"2025-01-26T23:25:25+08:00"}
{"level":"info","msg":"用户 7 提交了题目 7 的代码","time":"2025-01-26T23:25:26+08:00"}
{"level":"info","msg":"Successfully retrieved problem with ID:7","time":"2025-01-26T23:25:26+08:00"}
{"level":"info","msg":"User login","time":"2025-01-26T23:42:58+08:00"}
{"level":"info","msg":"用户 8 提交了题目 8 的代码","time":"2025-01-26T23:42:58+08:00"}
{"level":"info","msg":"Successfully retrieved problem with ID:8","time":"2025-01-26T23:42:58+08:00"}
{"level":"info","msg":"User login","time":"2025-01-27T00:38:33+08:00"}
{"level":"info","msg":"用户 9 提交了题目 9 的代码","time":"2025-01-27T00:38:33+08:00"}
{"level":"info","msg":"Successfully retrieved problem with ID:9","time":"2025-01-27T00:38:33+08:00"}
{"level":"info","msg":"Response Body:[{\"status\":\"Accepted\",\"exitStatus\":0,\"time\":307382600,\"memory\":42606592,\"runTime\":308228039,\"files\":{\"stderr\":\"\",\"stdout\":\"\"},\"fileIds\":{\"8\":\"HWOKHQIQ\"}}]\n","time":"2025-01-27T00:38:33+08:00"}
{"level":"info","msg":"Response Body:[{\"status\":\"Accepted\",\"exitStatus\":0,\"time\":3688400,\"memory\":2117632,\"runTime\":10564739,\"files\":{\"stderr\":\"\",\"stdout\":\"2\\n\"}}]\n","time":"2025-01-27T00:38:33+08:00"}
{"level":"info","msg":"User login","time":"2025-01-27T11:12:33+08:00"}
{"level":"info","msg":"用户 10 提交了题目 10 的代码","time":"2025-01-27T11:12:33+08:00"}
{"level":"info","msg":"Successfully retrieved problem with ID:10","time":"2025-01-27T11:12:33+08:00"}
{"level":"info","msg":"Response Body:[{\"status\":\"Accepted\",\"exitStatus\":0,\"time\":250046200,\"memory\":76873728,\"runTime\":382440590,\"files\":{\"stderr\":\"\",\"stdout\":\"\"},\"fileIds\":{\"9\":\"GF4VPHY2\"}}]\n","time":"2025-01-27T11:12:34+08:00"}
{"level":"info","msg":"Response Body:[{\"status\":\"Accepted\",\"exitStatus\":0,\"time\":1633900,\"memory\":2117632,\"runTime\":6872837,\"files\":{\"stderr\":\"\",\"stdout\":\"2\\n\"}}]\n","time":"2025-01-27T11:12:34+08:00"}
{"level":"info","msg":"User login","time":"2025-01-27T11:13:54+08:00"}
{"level":"info","msg":"用户 11 提交了题目 11 的代码","time":"2025-01-27T11:13:54+08:00"}
{"level":"info","msg":"Successfully retrieved problem with ID:11","time":"2025-01-27T11:13:54+08:00"}
{"level":"info","msg":"Response Body:[{\"status\":\"Accepted\",\"exitStatus\":0,\"time\":230097100,\"memory\":42868736,\"runTime\":231009681,\"files\":{\"stderr\":\"\",\"stdout\":\"\"},\"fileIds\":{\"10\":\"M753ETBN\"}}]\n","time":"2025-01-27T11:13:54+08:00"}
{"level":"info","msg":"Response Body:[{\"status\":\"Accepted\",\"exitStatus\":0,\"time\":1272200,\"memory\":290816,\"runTime\":1941024,\"files\":{\"stderr\":\"\",\"stdout\":\"2\\n\"}}]\n","time":"2025-01-27T11:13:54+08:00"}
{"level":"info","msg":"User login","time":"2025-02-04T01:32:54+08:00"}
{"level":"error","msg":"Failed to create contest:context canceled","time":"2025-02-04T01:32:54+08:00"}
{"level":"error","msg":"Failed to create problem:context canceled","time":"2025-02-04T01:32:54+08:00"}
{"level":"error","msg":"Failed to create contest problem:context canceled","time":"2025-02-04T01:32:54+08:00"}
{"level":"info","msg":"User login","time":"2025-02-04T01:40:30+08:00"}
{"level":"info","msg":"用户 13 提交了题目 12 的代码","time":"2025-02-04T01:40:30+08:00"}
{"level":"info","msg":"Successfully retrieved problem with ID:12","time":"2025-02-04T01:40:30+08:00"}
{"level":"info","msg":"Response Body:[{\"status\":\"Accepted\",\"exitStatus\":0,\"time\":239844400,\"memory\":77340672,\"runTime\":371612836,\"files\":{\"stderr\":\"\",\"stdout\":\"\"},\"fileIds\":{\"11\":\"F7YRB2SX\"}}]\n","time":"2025-02-04T01:40:30+08:00"}
{"level":"info","msg":"Response Body:[{\"status\":\"Accepted\",\"exitStatus\":0,\"time\":1572700,\"memory\":2117632,\"runTime\":6606528,\"files\":{\"stderr\":\"\",\"stdout\":\"2\\n\"}}]\n","time":"2025-02-04T01:40:30+08:00"}
{"level":"info","msg":"User login","time":"2025-02-04T01:44:10+08:00"}
{"level":"info","msg":"用户 14 提交了题目 13 的代码","time":"2025-02-04T01:44:10+08:00"}
{"level":"info","msg":"Successfully retrieved problem with ID:13","time":"2025-02-04T01:44:10+08:00"}
{"level":"info","msg":"Response Body:[{\"status\":\"Accepted\",\"exitStatus\":0,\"time\":231208900,\"memory\":43139072,\"runTime\":231933733,\"files\":{\"stderr\":\"\",\"stdout\":\"\"},\"fileIds\":{\"12\":\"OMWMDHQA\"}}]\n","time":"2025-02-04T01:44:10+08:00"}
{"level":"info","msg":"Response Body:[{\"status\":\"Accepted\",\"exitStatus\":0,\"time\":1229700,\"memory\":290816,\"runTime\":1898507,\"files\":{\"stderr\":\"\",\"stdout\":\"2\\n\"}}]\n","time":"2025-02-04T01:44:10+08:00"}
{"level":"info","msg":"User login","time":"2025-02-04T01:45:55+08:00"}
{"level":"info","msg":"用户 15 提交了题目 14 的代码","time":"2025-02-04T01:45:56+08:00"}
{"level":"info","msg":"Successfully retrieved problem with ID:14","time":"2025-02-04T01:45:56+08:00"}
{"level":"info","msg":"Response Body:[{\"status\":\"Accepted\",\"exitStatus\":0,\"time\":214490100,\"memory\":42676224,\"runTime\":215244897,\"files\":{\"stderr\":\"\",\"stdout\":\"\"},\"fileIds\":{\"13\":\"NMQPT6LN\"}}]\n","time":"2025-02-04T01:45:56+08:00"}
{"level":"info","msg":"Response Body:[{\"status\":\"Accepted\",\"exitStatus\":0,\"time\":1215700,\"memory\":290816,\"runTime\":1600683,\"files\":{\"stderr\":\"\",\"stdout\":\"2\\n\"}}]\n","time":"2025-02-04T01:45:56+08:00"}
{"level":"info","msg":"User login","time":"2025-02-04T01:53:03+08:00"}
{"level":"info","msg":"用户 16 提交了题目 15 的代码","time":"2025-02-04T01:53:03+08:00"}
{"level":"info","msg":"Successfully retrieved problem with ID:15","time":"2025-02-04T01:53:03+08:00"}
{"level":"info","msg":"Response Body:[{\"status\":\"Accepted\",\"exitStatus\":0,\"time\":209099800,\"memory\":41603072,\"runTime\":210149668,\"files\":{\"stderr\":\"\",\"stdout\":\"\"},\"fileIds\":{\"14\":\"RWMUHNRD\"}}]\n","time":"2025-02-04T01:53:03+08:00"}
{"level":"info","msg":"Response Body:[{\"status\":\"Accepted\",\"exitStatus\":0,\"time\":1235800,\"memory\":290816,\"runTime\":1696196,\"files\":{\"stderr\":\"\",\"stdout\":\"2\\n\"}}]\n","time":"2025-02-04T01:53:03+08:00"}
{"level":"info","msg":"User login","time":"2025-02-04T01:54:01+08:00"}
{"level":"info","msg":"用户 17 提交了题目 16 的代码","time":"2025-02-04T01:54:02+08:00"}
{"level":"info","msg":"Successfully retrieved problem with ID:16","time":"2025-02-04T01:54:02+08:00"}
{"level":"info","msg":"Response Body:[{\"status\":\"Accepted\",\"exitStatus\":0,\"time\":211312100,\"memory\":41799680,\"runTime\":212578104,\"files\":{\"stderr\":\"\",\"stdout\":\"\"},\"fileIds\":{\"15\":\"ACW4ZTRY\"}}]\n","time":"2025-02-04T01:54:02+08:00"}
{"level":"info","msg":"Response Body:[{\"status\":\"Accepted\",\"exitStatus\":0,\"time\":1166400,\"memory\":335872,\"runTime\":1589206,\"files\":{\"stderr\":\"\",\"stdout\":\"2\\n\"}}]\n","time":"2025-02-04T01:54:02+08:00"}
{"level":"info","msg":"User login","time":"2025-02-05T21:08:15+08:00"}
{"level":"info","msg":"用户 18 提交了题目 17 的代码","time":"2025-02-05T21:08:15+08:00"}
{"level":"info","msg":"Successfully retrieved problem with ID:17","time":"2025-02-05T21:08:15+08:00"}
{"level":"info","msg":"Response Body:[{\"status\":\"Accepted\",\"exitStatus\":0,\"time\":339723400,\"memory\":76505088,\"runTime\":486169721,\"files\":{\"stderr\":\"\",\"stdout\":\"\"},\"fileIds\":{\"16\":\"QMEXEHTR\"}}]\n","time":"2025-02-05T21:08:16+08:00"}
{"level":"info","msg":"Response Body:[{\"status\":\"Accepted\",\"exitStatus\":0,\"time\":2210800,\"memory\":2117632,\"runTime\":8047994,\"files\":{\"stderr\":\"\",\"stdout\":\"2\\n\"}}]\n","time":"2025-02-05T21:08:16+08:00"}
{"level":"info","msg":"User login","time":"2025-02-05T21:12:49+08:00"}
{"level":"info","msg":"用户 19 提交了题目 18 的代码","time":"2025-02-05T21:12:49+08:00"}
{"level":"info","msg":"Successfully retrieved problem with ID:18","time":"2025-02-05T21:12:49+08:00"}
{"level":"info","msg":"Response Body:[{\"status\":\"Accepted\",\"exitStatus\":0,\"time\":260110000,\"memory\":42586112,\"runTime\":261237041,\"files\":{\"stderr\":\"\",\"stdout\":\"\"},\"fileIds\":{\"17\":\"FKJVCFC4\"}}]\n","time":"2025-02-05T21:12:50+08:00"}
{"level":"info","msg":"Response Body:[{\"status\":\"Accepted\",\"exitStatus\":0,\"time\":1463600,\"memory\":290816,\"runTime\":2303491,\"files\":{\"stderr\":\"\",\"stdout\":\"2\\n\"}}]\n","time":"2025-02-05T21:12:50+08:00"}
{"level":"info","msg":"User login","time":"2025-02-05T21:13:57+08:00"}
{"level":"info","msg":"用户 20 提交了题目 19 的代码","time":"2025-02-05T21:13:57+08:00"}
{"level":"info","msg":"Successfully retrieved problem with ID:19","time":"2025-02-05T21:13:57+08:00"}
{"level":"info","msg":"Response Body:[{\"status\":\"Accepted\",\"exitStatus\":0,\"time\":245401700,\"memory\":42205184,\"runTime\":246267474,\"files\":{\"stderr\":\"\",\"stdout\":\"\"},\"fileIds\":{\"18\":\"E3MGREZW\"}}]\n","time":"2025-02-05T21:13:57+08:00"}
{"level":"info","msg":"Response Body:[{\"status\":\"Accepted\",\"exitStatus\":0,\"time\":1707800,\"memory\":290816,\"runTime\":2682485,\"files\":{\"stderr\":\"\",\"stdout\":\"2\\n\"}}]\n","time":"2025-02-05T21:13:57+08:00"}
{"level":"info","msg":"User login","time":"2025-02-05T21:14:58+08:00"}
{"level":"info","msg":"用户 21 提交了题目 20 的代码","time":"2025-02-05T21:14:58+08:00"}
{"level":"info","msg":"Successfully retrieved problem with ID:20","time":"2025-02-05T21:14:58+08:00"}
{"level":"info","msg":"Response Body:[{\"status\":\"Accepted\",\"exitStatus\":0,\"time\":241079200,\"memory\":42496000,\"runTime\":241747767,\"files\":{\"stderr\":\"\",\"stdout\":\"\"},\"fileIds\":{\"19\":\"DPT3U4SN\"}}]\n","time":"2025-02-05T21:14:59+08:00"}
{"level":"info","msg":"Response Body:[{\"status\":\"Accepted\",\"exitStatus\":0,\"time\":1128600,\"memory\":290816,\"runTime\":2022795,\"files\":{\"stderr\":\"\",\"stdout\":\"2\\n\"}}]\n","time":"2025-02-05T21:14:59+08:00"}
{"level":"info","msg":"User login","time":"2025-02-05T21:15:41+08:00"}
{"level":"info","msg":"用户 22 提交了题目 21 的代码","time":"2025-02-05T21:15:41+08:00"}
{"level":"info","msg":"Successfully retrieved problem with ID:21","time":"2025-02-05T21:15:41+08:00"}
{"level":"info","msg":"Response Body:[{\"status\":\"Accepted\",\"exitStatus\":0,\"time\":233686400,\"memory\":43032576,\"runTime\":234711879,\"files\":{\"stderr\":\"\",\"stdout\":\"\"},\"fileIds\":{\"20\":\"MXLL2KFJ\"}}]\n","time":"2025-02-05T21:15:41+08:00"}
{"level":"info","msg":"Response Body:[{\"status\":\"Accepted\",\"exitStatus\":0,\"time\":1229400,\"memory\":290816,\"runTime\":1864086,\"files\":{\"stderr\":\"\",\"stdout\":\"2\\n\"}}]\n","time":"2025-02-05T21:15:41+08:00"}
